<?xml version="1.0" encoding="UTF-8" standalone="no"?>
<!DOCTYPE log SYSTEM "logger.dtd">
<log>
<record>
  <date>2018-09-06T14:11:39.479-0300</date>
  <logger>IGOR SILVEIRA DE ANDRADE</logger>
  <level>FINE</level>
  <message>File 117210286-IGOR SILVEIRA DE ANDRADE.zip was received. It was sent by IGOR SILVEIRA DE ANDRADE from IP 150.165.42.147</message>
</record>
</log>
<?xml version="1.0" encoding="UTF-8" standalone="no"?>
<!DOCTYPE log SYSTEM "logger.dtd">
<log>
<record>
  <date>2018-09-06T15:18:20.415-0300</date>
  <logger>IGOR SILVEIRA DE ANDRADE</logger>
  <level>FINE</level>
  <message>File 117210286-IGOR SILVEIRA DE ANDRADE.zip was received. It was sent by IGOR SILVEIRA DE ANDRADE from IP 150.165.42.147</message>
</record>
</log>
<?xml version="1.0" encoding="UTF-8" standalone="no"?>
<!DOCTYPE log SYSTEM "logger.dtd">
<log>
<record>
  <date>2018-09-06T15:22:39.608-0300</date>
  <logger>IGOR SILVEIRA DE ANDRADE</logger>
  <level>FINE</level>
  <message>File 117210286-IGOR SILVEIRA DE ANDRADE.zip was received. It was sent by IGOR SILVEIRA DE ANDRADE from IP 150.165.42.147</message>
</record>
