<?xml version="1.0" encoding="UTF-8" standalone="no"?>
<!DOCTYPE log SYSTEM "logger.dtd">
<log>
<record>
  <date>2018-11-01T14:03:33.691-0300</date>
  <logger>IGOR SILVEIRA DE ANDRADE</logger>
  <level>FINE</level>
  <message>File 117210286-IGOR SILVEIRA DE ANDRADE.zip was received. It was sent by IGOR SILVEIRA DE ANDRADE from IP 192.168.15.93</message>
</record>
</log>
<?xml version="1.0" encoding="UTF-8" standalone="no"?>
<!DOCTYPE log SYSTEM "logger.dtd">
<log>
<record>
  <date>2018-11-01T15:17:28.722-0300</date>
  <logger>IGOR SILVEIRA DE ANDRADE</logger>
  <level>FINE</level>
  <message>File 117210286-IGOR SILVEIRA DE ANDRADE.zip was received. It was sent by IGOR SILVEIRA DE ANDRADE from IP 192.168.15.93</message>
</record>
</log>
<?xml version="1.0" encoding="UTF-8" standalone="no"?>
<!DOCTYPE log SYSTEM "logger.dtd">
<log>
<record>
  <date>2018-11-01T15:19:26.539-0300</date>
  <logger>IGOR SILVEIRA DE ANDRADE</logger>
  <level>FINE</level>
  <message>File 117210286-IGOR SILVEIRA DE ANDRADE.zip was received. It was sent by IGOR SILVEIRA DE ANDRADE from IP 192.168.15.93</message>
</record>
