<?xml version="1.0" encoding="UTF-8" standalone="no"?>
<!DOCTYPE log SYSTEM "logger.dtd">
<log>
<record>
  <date>2018-11-05T16:04:39.152-0300</date>
  <logger>IGOR SILVEIRA DE ANDRADE</logger>
  <level>FINE</level>
  <message>File 117210286-IGOR SILVEIRA DE ANDRADE.zip was received. It was sent by IGOR SILVEIRA DE ANDRADE from IP 192.168.15.93</message>
</record>
</log>
<?xml version="1.0" encoding="UTF-8" standalone="no"?>
<!DOCTYPE log SYSTEM "logger.dtd">
<log>
<record>
  <date>2018-11-05T19:00:36.946-0300</date>
  <logger>IGOR SILVEIRA DE ANDRADE</logger>
  <level>FINE</level>
  <message>File 117210286-IGOR SILVEIRA DE ANDRADE.zip was received. It was sent by IGOR SILVEIRA DE ANDRADE from IP 192.168.15.93</message>
</record>
</log>
<?xml version="1.0" encoding="UTF-8" standalone="no"?>
<!DOCTYPE log SYSTEM "logger.dtd">
<log>
<record>
  <date>2018-11-05T22:10:02.552-0300</date>
  <logger>IGOR SILVEIRA DE ANDRADE</logger>
  <level>FINE</level>
  <message>File 117210286-IGOR SILVEIRA DE ANDRADE.zip was received. It was sent by IGOR SILVEIRA DE ANDRADE from IP 192.168.15.93</message>
</record>
