<?xml version="1.0" encoding="UTF-8" standalone="no"?>
<!DOCTYPE log SYSTEM "logger.dtd">
<log>
<record>
  <date>2018-09-17T16:16:23.118-0300</date>
  <logger>IGOR SILVEIRA DE ANDRADE</logger>
  <level>FINE</level>
  <message>File 117210286-IGOR SILVEIRA DE ANDRADE.zip was received. It was sent by IGOR SILVEIRA DE ANDRADE from IP 150.165.42.145</message>
</record>
</log>
<?xml version="1.0" encoding="UTF-8" standalone="no"?>
<!DOCTYPE log SYSTEM "logger.dtd">
<log>
<record>
  <date>2018-09-17T16:55:15.468-0300</date>
  <logger>IGOR SILVEIRA DE ANDRADE</logger>
  <level>FINE</level>
  <message>File 117210286-IGOR SILVEIRA DE ANDRADE.zip was received. It was sent by IGOR SILVEIRA DE ANDRADE from IP 150.165.42.145</message>
</record>
</log>
<?xml version="1.0" encoding="UTF-8" standalone="no"?>
<!DOCTYPE log SYSTEM "logger.dtd">
<log>
<record>
  <date>2018-09-17T16:57:28.427-0300</date>
  <logger>IGOR SILVEIRA DE ANDRADE</logger>
  <level>FINE</level>
  <message>File 117210286-IGOR SILVEIRA DE ANDRADE.zip was received. It was sent by IGOR SILVEIRA DE ANDRADE from IP 150.165.42.145</message>
</record>
