<?xml version="1.0" encoding="UTF-8" standalone="no"?>
<!DOCTYPE log SYSTEM "logger.dtd">
<log>
<record>
  <date>2018-10-18T14:04:02.629-0300</date>
  <logger>IGOR SILVEIRA DE ANDRADE</logger>
  <level>FINE</level>
  <message>File 117210286-IGOR SILVEIRA DE ANDRADE.zip was received. It was sent by IGOR SILVEIRA DE ANDRADE from IP 150.165.42.150</message>
</record>
</log>
<?xml version="1.0" encoding="UTF-8" standalone="no"?>
<!DOCTYPE log SYSTEM "logger.dtd">
<log>
<record>
  <date>2018-10-18T15:17:32.663-0300</date>
  <logger>IGOR SILVEIRA DE ANDRADE</logger>
  <level>FINE</level>
  <message>File 117210286-IGOR SILVEIRA DE ANDRADE.zip was received. It was sent by IGOR SILVEIRA DE ANDRADE from IP 150.165.42.150</message>
</record>
</log>
<?xml version="1.0" encoding="UTF-8" standalone="no"?>
<!DOCTYPE log SYSTEM "logger.dtd">
<log>
<record>
  <date>2018-10-18T15:30:32.066-0300</date>
  <logger>IGOR SILVEIRA DE ANDRADE</logger>
  <level>FINE</level>
  <message>File 117210286-IGOR SILVEIRA DE ANDRADE.zip was received. It was sent by IGOR SILVEIRA DE ANDRADE from IP 150.165.42.150</message>
</record>
